<error>
  <date>2013-03-30 18:18:39 (MSK)</date>
  <errno>8192</errno>
  <errmsg>Call-time pass-by-reference has been deprecated</errmsg>
  <filename>/home/dnclive/медиа/работа/проекты/git/josi/php/dev/tstore_relat.php</filename>
  <linenum>1282</linenum>
</error>
<error>
  <date>2013-03-30 18:18:39 (MSK)</date>
  <errno>8192</errno>
  <errmsg>Call-time pass-by-reference has been deprecated</errmsg>
  <filename>/home/dnclive/медиа/работа/проекты/git/josi/php/dev/tstore_relat.php</filename>
  <linenum>1538</linenum>
</error>
<error>
  <date>2013-03-30 18:18:39 (MSK)</date>
  <errno>8192</errno>
  <errmsg>Call-time pass-by-reference has been deprecated</errmsg>
  <filename>/home/dnclive/медиа/работа/проекты/git/josi/php/dev/tstore_relat.php</filename>
  <linenum>1795</linenum>
</error>
<error>
  <date>2013-03-30 18:19:23 (MSK)</date>
  <errno>8192</errno>
  <errmsg>Call-time pass-by-reference has been deprecated</errmsg>
  <filename>/home/dnclive/медиа/работа/проекты/git/josi/php/dev/tstore_relat.php</filename>
  <linenum>1282</linenum>
</error>
<error>
  <date>2013-03-30 18:19:23 (MSK)</date>
  <errno>8192</errno>
  <errmsg>Call-time pass-by-reference has been deprecated</errmsg>
  <filename>/home/dnclive/медиа/работа/проекты/git/josi/php/dev/tstore_relat.php</filename>
  <linenum>1538</linenum>
</error>
<error>
  <date>2013-03-30 18:19:23 (MSK)</date>
  <errno>8192</errno>
  <errmsg>Call-time pass-by-reference has been deprecated</errmsg>
  <filename>/home/dnclive/медиа/работа/проекты/git/josi/php/dev/tstore_relat.php</filename>
  <linenum>1795</linenum>
</error>
<error>
  <date>2013-03-30 18:49:35 (MSK)</date>
  <errno>8192</errno>
  <errmsg>Call-time pass-by-reference has been deprecated</errmsg>
  <filename>/home/dnclive/медиа/работа/проекты/git/josi/php/dev/tstore_relat.php</filename>
  <linenum>1282</linenum>
</error>
<error>
  <date>2013-03-30 18:49:35 (MSK)</date>
  <errno>8192</errno>
  <errmsg>Call-time pass-by-reference has been deprecated</errmsg>
  <filename>/home/dnclive/медиа/работа/проекты/git/josi/php/dev/tstore_relat.php</filename>
  <linenum>1538</linenum>
</error>
<error>
  <date>2013-03-30 18:49:35 (MSK)</date>
  <errno>8192</errno>
  <errmsg>Call-time pass-by-reference has been deprecated</errmsg>
  <filename>/home/dnclive/медиа/работа/проекты/git/josi/php/dev/tstore_relat.php</filename>
  <linenum>1795</linenum>
</error>
<error>
  <date>2013-03-30 18:50:41 (MSK)</date>
  <errno>8192</errno>
  <errmsg>Call-time pass-by-reference has been deprecated</errmsg>
  <filename>/home/dnclive/медиа/работа/проекты/git/josi/php/dev/tstore_relat.php</filename>
  <linenum>1282</linenum>
</error>
<error>
  <date>2013-03-30 18:50:41 (MSK)</date>
  <errno>8192</errno>
  <errmsg>Call-time pass-by-reference has been deprecated</errmsg>
  <filename>/home/dnclive/медиа/работа/проекты/git/josi/php/dev/tstore_relat.php</filename>
  <linenum>1538</linenum>
</error>
<error>
  <date>2013-03-30 18:50:41 (MSK)</date>
  <errno>8192</errno>
  <errmsg>Call-time pass-by-reference has been deprecated</errmsg>
  <filename>/home/dnclive/медиа/работа/проекты/git/josi/php/dev/tstore_relat.php</filename>
  <linenum>1795</linenum>
</error>
<error>
  <date>2013-03-30 18:52:13 (MSK)</date>
  <errno>8192</errno>
  <errmsg>Call-time pass-by-reference has been deprecated</errmsg>
  <filename>/home/dnclive/медиа/работа/проекты/git/josi/php/dev/tstore_relat.php</filename>
  <linenum>1282</linenum>
</error>
<error>
  <date>2013-03-30 18:52:13 (MSK)</date>
  <errno>8192</errno>
  <errmsg>Call-time pass-by-reference has been deprecated</errmsg>
  <filename>/home/dnclive/медиа/работа/проекты/git/josi/php/dev/tstore_relat.php</filename>
  <linenum>1538</linenum>
</error>
<error>
  <date>2013-03-30 18:52:13 (MSK)</date>
  <errno>8192</errno>
  <errmsg>Call-time pass-by-reference has been deprecated</errmsg>
  <filename>/home/dnclive/медиа/работа/проекты/git/josi/php/dev/tstore_relat.php</filename>
  <linenum>1795</linenum>
</error>
<error>
  <date>2013-03-30 20:17:49 (MSK)</date>
  <errno>8192</errno>
  <errmsg>Call-time pass-by-reference has been deprecated</errmsg>
  <filename>/home/dnclive/медиа/работа/проекты/git/josi/php/dev/tstore_relat.php</filename>
  <linenum>1282</linenum>
</error>
<error>
  <date>2013-03-30 20:17:49 (MSK)</date>
  <errno>8192</errno>
  <errmsg>Call-time pass-by-reference has been deprecated</errmsg>
  <filename>/home/dnclive/медиа/работа/проекты/git/josi/php/dev/tstore_relat.php</filename>
  <linenum>1538</linenum>
</error>
<error>
  <date>2013-03-30 20:17:49 (MSK)</date>
  <errno>8192</errno>
  <errmsg>Call-time pass-by-reference has been deprecated</errmsg>
  <filename>/home/dnclive/медиа/работа/проекты/git/josi/php/dev/tstore_relat.php</filename>
  <linenum>1795</linenum>
</error>
<error>
  <date>2013-03-30 20:21:21 (MSK)</date>
  <errno>8192</errno>
  <errmsg>Call-time pass-by-reference has been deprecated</errmsg>
  <filename>/home/dnclive/медиа/работа/проекты/git/josi/php/dev/tstore_relat.php</filename>
  <linenum>1282</linenum>
</error>
<error>
  <date>2013-03-30 20:21:21 (MSK)</date>
  <errno>8192</errno>
  <errmsg>Call-time pass-by-reference has been deprecated</errmsg>
  <filename>/home/dnclive/медиа/работа/проекты/git/josi/php/dev/tstore_relat.php</filename>
  <linenum>1538</linenum>
</error>
<error>
  <date>2013-03-30 20:21:21 (MSK)</date>
  <errno>8192</errno>
  <errmsg>Call-time pass-by-reference has been deprecated</errmsg>
  <filename>/home/dnclive/медиа/работа/проекты/git/josi/php/dev/tstore_relat.php</filename>
  <linenum>1795</linenum>
</error>
<error>
  <date>2013-03-30 20:24:44 (MSK)</date>
  <errno>8192</errno>
  <errmsg>Call-time pass-by-reference has been deprecated</errmsg>
  <filename>/home/dnclive/медиа/работа/проекты/git/josi/php/dev/tstore_relat.php</filename>
  <linenum>1282</linenum>
</error>
<error>
  <date>2013-03-30 20:24:44 (MSK)</date>
  <errno>8192</errno>
  <errmsg>Call-time pass-by-reference has been deprecated</errmsg>
  <filename>/home/dnclive/медиа/работа/проекты/git/josi/php/dev/tstore_relat.php</filename>
  <linenum>1538</linenum>
</error>
<error>
  <date>2013-03-30 20:24:44 (MSK)</date>
  <errno>8192</errno>
  <errmsg>Call-time pass-by-reference has been deprecated</errmsg>
  <filename>/home/dnclive/медиа/работа/проекты/git/josi/php/dev/tstore_relat.php</filename>
  <linenum>1795</linenum>
</error>
<error>
  <date>2013-03-30 21:01:12 (MSK)</date>
  <errno>8192</errno>
  <errmsg>Call-time pass-by-reference has been deprecated</errmsg>
  <filename>/home/dnclive/медиа/работа/проекты/git/josi/php/dev/tstore_relat.php</filename>
  <linenum>1282</linenum>
</error>
<error>
  <date>2013-03-30 21:01:12 (MSK)</date>
  <errno>8192</errno>
  <errmsg>Call-time pass-by-reference has been deprecated</errmsg>
  <filename>/home/dnclive/медиа/работа/проекты/git/josi/php/dev/tstore_relat.php</filename>
  <linenum>1538</linenum>
</error>
<error>
  <date>2013-03-30 21:01:12 (MSK)</date>
  <errno>8192</errno>
  <errmsg>Call-time pass-by-reference has been deprecated</errmsg>
  <filename>/home/dnclive/медиа/работа/проекты/git/josi/php/dev/tstore_relat.php</filename>
  <linenum>1795</linenum>
</error>
<error>
  <date>2013-03-30 21:02:44 (MSK)</date>
  <errno>8192</errno>
  <errmsg>Call-time pass-by-reference has been deprecated</errmsg>
  <filename>/home/dnclive/медиа/работа/проекты/git/josi/php/dev/tstore_relat.php</filename>
  <linenum>1282</linenum>
</error>
<error>
  <date>2013-03-30 21:02:44 (MSK)</date>
  <errno>8192</errno>
  <errmsg>Call-time pass-by-reference has been deprecated</errmsg>
  <filename>/home/dnclive/медиа/работа/проекты/git/josi/php/dev/tstore_relat.php</filename>
  <linenum>1538</linenum>
</error>
<error>
  <date>2013-03-30 21:02:44 (MSK)</date>
  <errno>8192</errno>
  <errmsg>Call-time pass-by-reference has been deprecated</errmsg>
  <filename>/home/dnclive/медиа/работа/проекты/git/josi/php/dev/tstore_relat.php</filename>
  <linenum>1795</linenum>
</error>
<error>
  <date>2013-03-30 21:02:45 (MSK)</date>
  <errno>8192</errno>
  <errmsg>Call-time pass-by-reference has been deprecated</errmsg>
  <filename>/home/dnclive/медиа/работа/проекты/git/josi/php/dev/tstore_relat.php</filename>
  <linenum>1282</linenum>
</error>
<error>
  <date>2013-03-30 21:02:45 (MSK)</date>
  <errno>8192</errno>
  <errmsg>Call-time pass-by-reference has been deprecated</errmsg>
  <filename>/home/dnclive/медиа/работа/проекты/git/josi/php/dev/tstore_relat.php</filename>
  <linenum>1538</linenum>
</error>
<error>
  <date>2013-03-30 21:02:45 (MSK)</date>
  <errno>8192</errno>
  <errmsg>Call-time pass-by-reference has been deprecated</errmsg>
  <filename>/home/dnclive/медиа/работа/проекты/git/josi/php/dev/tstore_relat.php</filename>
  <linenum>1795</linenum>
</error>
<error>
  <date>2013-03-30 21:02:45 (MSK)</date>
  <errno>8192</errno>
  <errmsg>Call-time pass-by-reference has been deprecated</errmsg>
  <filename>/home/dnclive/медиа/работа/проекты/git/josi/php/dev/tstore_relat.php</filename>
  <linenum>1282</linenum>
</error>
<error>
  <date>2013-03-30 21:02:45 (MSK)</date>
  <errno>8192</errno>
  <errmsg>Call-time pass-by-reference has been deprecated</errmsg>
  <filename>/home/dnclive/медиа/работа/проекты/git/josi/php/dev/tstore_relat.php</filename>
  <linenum>1538</linenum>
</error>
<error>
  <date>2013-03-30 21:02:45 (MSK)</date>
  <errno>8192</errno>
  <errmsg>Call-time pass-by-reference has been deprecated</errmsg>
  <filename>/home/dnclive/медиа/работа/проекты/git/josi/php/dev/tstore_relat.php</filename>
  <linenum>1795</linenum>
</error>
<error>
  <date>2013-03-30 21:09:49 (MSK)</date>
  <errno>8192</errno>
  <errmsg>Call-time pass-by-reference has been deprecated</errmsg>
  <filename>/home/dnclive/медиа/работа/проекты/git/josi/php/dev/tstore_relat.php</filename>
  <linenum>1282</linenum>
</error>
<error>
  <date>2013-03-30 21:09:49 (MSK)</date>
  <errno>8192</errno>
  <errmsg>Call-time pass-by-reference has been deprecated</errmsg>
  <filename>/home/dnclive/медиа/работа/проекты/git/josi/php/dev/tstore_relat.php</filename>
  <linenum>1538</linenum>
</error>
<error>
  <date>2013-03-30 21:09:49 (MSK)</date>
  <errno>8192</errno>
  <errmsg>Call-time pass-by-reference has been deprecated</errmsg>
  <filename>/home/dnclive/медиа/работа/проекты/git/josi/php/dev/tstore_relat.php</filename>
  <linenum>1795</linenum>
</error>
<error>
  <date>2013-03-30 21:09:50 (MSK)</date>
  <errno>8192</errno>
  <errmsg>Call-time pass-by-reference has been deprecated</errmsg>
  <filename>/home/dnclive/медиа/работа/проекты/git/josi/php/dev/tstore_relat.php</filename>
  <linenum>1282</linenum>
</error>
<error>
  <date>2013-03-30 21:09:50 (MSK)</date>
  <errno>8192</errno>
  <errmsg>Call-time pass-by-reference has been deprecated</errmsg>
  <filename>/home/dnclive/медиа/работа/проекты/git/josi/php/dev/tstore_relat.php</filename>
  <linenum>1538</linenum>
</error>
<error>
  <date>2013-03-30 21:09:50 (MSK)</date>
  <errno>8192</errno>
  <errmsg>Call-time pass-by-reference has been deprecated</errmsg>
  <filename>/home/dnclive/медиа/работа/проекты/git/josi/php/dev/tstore_relat.php</filename>
  <linenum>1795</linenum>
</error>
<error>
  <date>2013-03-30 21:09:50 (MSK)</date>
  <errno>8192</errno>
  <errmsg>Call-time pass-by-reference has been deprecated</errmsg>
  <filename>/home/dnclive/медиа/работа/проекты/git/josi/php/dev/tstore_relat.php</filename>
  <linenum>1282</linenum>
</error>
<error>
  <date>2013-03-30 21:09:50 (MSK)</date>
  <errno>8192</errno>
  <errmsg>Call-time pass-by-reference has been deprecated</errmsg>
  <filename>/home/dnclive/медиа/работа/проекты/git/josi/php/dev/tstore_relat.php</filename>
  <linenum>1538</linenum>
</error>
<error>
  <date>2013-03-30 21:09:50 (MSK)</date>
  <errno>8192</errno>
  <errmsg>Call-time pass-by-reference has been deprecated</errmsg>
  <filename>/home/dnclive/медиа/работа/проекты/git/josi/php/dev/tstore_relat.php</filename>
  <linenum>1795</linenum>
</error>
<error>
  <date>2013-03-30 23:43:58 (MSK)</date>
  <errno>8192</errno>
  <errmsg>Call-time pass-by-reference has been deprecated</errmsg>
  <filename>/home/dnclive/медиа/работа/проекты/git/josi/php/dev/tstore_relat.php</filename>
  <linenum>1282</linenum>
</error>
<error>
  <date>2013-03-30 23:43:58 (MSK)</date>
  <errno>8192</errno>
  <errmsg>Call-time pass-by-reference has been deprecated</errmsg>
  <filename>/home/dnclive/медиа/работа/проекты/git/josi/php/dev/tstore_relat.php</filename>
  <linenum>1538</linenum>
</error>
<error>
  <date>2013-03-30 23:43:58 (MSK)</date>
  <errno>8192</errno>
  <errmsg>Call-time pass-by-reference has been deprecated</errmsg>
  <filename>/home/dnclive/медиа/работа/проекты/git/josi/php/dev/tstore_relat.php</filename>
  <linenum>1795</linenum>
</error>
<error>
  <date>2013-03-30 23:44:05 (MSK)</date>
  <errno>8192</errno>
  <errmsg>Call-time pass-by-reference has been deprecated</errmsg>
  <filename>/home/dnclive/медиа/работа/проекты/git/josi/php/dev/tstore_relat.php</filename>
  <linenum>1282</linenum>
</error>
<error>
  <date>2013-03-30 23:44:05 (MSK)</date>
  <errno>8192</errno>
  <errmsg>Call-time pass-by-reference has been deprecated</errmsg>
  <filename>/home/dnclive/медиа/работа/проекты/git/josi/php/dev/tstore_relat.php</filename>
  <linenum>1538</linenum>
</error>
<error>
  <date>2013-03-30 23:44:05 (MSK)</date>
  <errno>8192</errno>
  <errmsg>Call-time pass-by-reference has been deprecated</errmsg>
  <filename>/home/dnclive/медиа/работа/проекты/git/josi/php/dev/tstore_relat.php</filename>
  <linenum>1795</linenum>
</error>
<error>
  <date>2013-03-30 23:44:05 (MSK)</date>
  <errno>8192</errno>
  <errmsg>Call-time pass-by-reference has been deprecated</errmsg>
  <filename>/home/dnclive/медиа/работа/проекты/git/josi/php/dev/tstore_relat.php</filename>
  <linenum>1282</linenum>
</error>
<error>
  <date>2013-03-30 23:44:05 (MSK)</date>
  <errno>8192</errno>
  <errmsg>Call-time pass-by-reference has been deprecated</errmsg>
  <filename>/home/dnclive/медиа/работа/проекты/git/josi/php/dev/tstore_relat.php</filename>
  <linenum>1538</linenum>
</error>
<error>
  <date>2013-03-30 23:44:05 (MSK)</date>
  <errno>8192</errno>
  <errmsg>Call-time pass-by-reference has been deprecated</errmsg>
  <filename>/home/dnclive/медиа/работа/проекты/git/josi/php/dev/tstore_relat.php</filename>
  <linenum>1795</linenum>
</error>
<error>
  <date>2013-06-26 21:47:00 (MSK)</date>
  <errno>8192</errno>
  <errmsg>Call-time pass-by-reference has been deprecated</errmsg>
  <filename>/home/dnclive/медиа/работа/проекты/git/josi/php/dev/tstore_relat.php</filename>
  <linenum>1285</linenum>
</error>
<error>
  <date>2013-06-26 21:47:00 (MSK)</date>
  <errno>8192</errno>
  <errmsg>Call-time pass-by-reference has been deprecated</errmsg>
  <filename>/home/dnclive/медиа/работа/проекты/git/josi/php/dev/tstore_relat.php</filename>
  <linenum>1544</linenum>
</error>
<error>
  <date>2013-06-26 21:47:00 (MSK)</date>
  <errno>8192</errno>
  <errmsg>Call-time pass-by-reference has been deprecated</errmsg>
  <filename>/home/dnclive/медиа/работа/проекты/git/josi/php/dev/tstore_relat.php</filename>
  <linenum>1801</linenum>
</error>
<error>
  <date>2013-06-26 21:47:02 (MSK)</date>
  <errno>8192</errno>
  <errmsg>Call-time pass-by-reference has been deprecated</errmsg>
  <filename>/home/dnclive/медиа/работа/проекты/git/josi/php/dev/tstore_relat.php</filename>
  <linenum>1285</linenum>
</error>
<error>
  <date>2013-06-26 21:47:02 (MSK)</date>
  <errno>8192</errno>
  <errmsg>Call-time pass-by-reference has been deprecated</errmsg>
  <filename>/home/dnclive/медиа/работа/проекты/git/josi/php/dev/tstore_relat.php</filename>
  <linenum>1544</linenum>
</error>
<error>
  <date>2013-06-26 21:47:02 (MSK)</date>
  <errno>8192</errno>
  <errmsg>Call-time pass-by-reference has been deprecated</errmsg>
  <filename>/home/dnclive/медиа/работа/проекты/git/josi/php/dev/tstore_relat.php</filename>
  <linenum>1801</linenum>
</error>
<error>
  <date>2013-06-26 21:47:02 (MSK)</date>
  <errno>8192</errno>
  <errmsg>Call-time pass-by-reference has been deprecated</errmsg>
  <filename>/home/dnclive/медиа/работа/проекты/git/josi/php/dev/tstore_relat.php</filename>
  <linenum>1285</linenum>
</error>
<error>
  <date>2013-06-26 21:47:02 (MSK)</date>
  <errno>8192</errno>
  <errmsg>Call-time pass-by-reference has been deprecated</errmsg>
  <filename>/home/dnclive/медиа/работа/проекты/git/josi/php/dev/tstore_relat.php</filename>
  <linenum>1544</linenum>
</error>
<error>
  <date>2013-06-26 21:47:02 (MSK)</date>
  <errno>8192</errno>
  <errmsg>Call-time pass-by-reference has been deprecated</errmsg>
  <filename>/home/dnclive/медиа/работа/проекты/git/josi/php/dev/tstore_relat.php</filename>
  <linenum>1801</linenum>
</error>
<error>
  <date>2013-06-28 21:22:23 (MSK)</date>
  <errno>8192</errno>
  <errmsg>Call-time pass-by-reference has been deprecated</errmsg>
  <filename>/home/dnclive/медиа/работа/проекты/git/josi/php/dev/tstore_relat.php</filename>
  <linenum>1285</linenum>
</error>
<error>
  <date>2013-06-28 21:22:23 (MSK)</date>
  <errno>8192</errno>
  <errmsg>Call-time pass-by-reference has been deprecated</errmsg>
  <filename>/home/dnclive/медиа/работа/проекты/git/josi/php/dev/tstore_relat.php</filename>
  <linenum>1544</linenum>
</error>
<error>
  <date>2013-06-28 21:22:23 (MSK)</date>
  <errno>8192</errno>
  <errmsg>Call-time pass-by-reference has been deprecated</errmsg>
  <filename>/home/dnclive/медиа/работа/проекты/git/josi/php/dev/tstore_relat.php</filename>
  <linenum>1801</linenum>
</error>
<error>
  <date>2013-06-28 21:22:25 (MSK)</date>
  <errno>8192</errno>
  <errmsg>Call-time pass-by-reference has been deprecated</errmsg>
  <filename>/home/dnclive/медиа/работа/проекты/git/josi/php/dev/tstore_relat.php</filename>
  <linenum>1285</linenum>
</error>
<error>
  <date>2013-06-28 21:22:25 (MSK)</date>
  <errno>8192</errno>
  <errmsg>Call-time pass-by-reference has been deprecated</errmsg>
  <filename>/home/dnclive/медиа/работа/проекты/git/josi/php/dev/tstore_relat.php</filename>
  <linenum>1544</linenum>
</error>
<error>
  <date>2013-06-28 21:22:25 (MSK)</date>
  <errno>8192</errno>
  <errmsg>Call-time pass-by-reference has been deprecated</errmsg>
  <filename>/home/dnclive/медиа/работа/проекты/git/josi/php/dev/tstore_relat.php</filename>
  <linenum>1801</linenum>
</error>
<error>
  <date>2013-06-28 21:22:26 (MSK)</date>
  <errno>8192</errno>
  <errmsg>Call-time pass-by-reference has been deprecated</errmsg>
  <filename>/home/dnclive/медиа/работа/проекты/git/josi/php/dev/tstore_relat.php</filename>
  <linenum>1285</linenum>
</error>
<error>
  <date>2013-06-28 21:22:26 (MSK)</date>
  <errno>8192</errno>
  <errmsg>Call-time pass-by-reference has been deprecated</errmsg>
  <filename>/home/dnclive/медиа/работа/проекты/git/josi/php/dev/tstore_relat.php</filename>
  <linenum>1544</linenum>
</error>
<error>
  <date>2013-06-28 21:22:26 (MSK)</date>
  <errno>8192</errno>
  <errmsg>Call-time pass-by-reference has been deprecated</errmsg>
  <filename>/home/dnclive/медиа/работа/проекты/git/josi/php/dev/tstore_relat.php</filename>
  <linenum>1801</linenum>
</error>
<error>
  <date>2013-06-28 21:23:26 (MSK)</date>
  <errno>8192</errno>
  <errmsg>Call-time pass-by-reference has been deprecated</errmsg>
  <filename>/home/dnclive/медиа/работа/проекты/git/josi/php/dev/tstore_relat.php</filename>
  <linenum>1285</linenum>
</error>
<error>
  <date>2013-06-28 21:23:26 (MSK)</date>
  <errno>8192</errno>
  <errmsg>Call-time pass-by-reference has been deprecated</errmsg>
  <filename>/home/dnclive/медиа/работа/проекты/git/josi/php/dev/tstore_relat.php</filename>
  <linenum>1544</linenum>
</error>
<error>
  <date>2013-06-28 21:23:26 (MSK)</date>
  <errno>8192</errno>
  <errmsg>Call-time pass-by-reference has been deprecated</errmsg>
  <filename>/home/dnclive/медиа/работа/проекты/git/josi/php/dev/tstore_relat.php</filename>
  <linenum>1801</linenum>
</error>
<error>
  <date>2013-06-28 21:23:27 (MSK)</date>
  <errno>8192</errno>
  <errmsg>Call-time pass-by-reference has been deprecated</errmsg>
  <filename>/home/dnclive/медиа/работа/проекты/git/josi/php/dev/tstore_relat.php</filename>
  <linenum>1285</linenum>
</error>
<error>
  <date>2013-06-28 21:23:27 (MSK)</date>
  <errno>8192</errno>
  <errmsg>Call-time pass-by-reference has been deprecated</errmsg>
  <filename>/home/dnclive/медиа/работа/проекты/git/josi/php/dev/tstore_relat.php</filename>
  <linenum>1544</linenum>
</error>
<error>
  <date>2013-06-28 21:23:27 (MSK)</date>
  <errno>8192</errno>
  <errmsg>Call-time pass-by-reference has been deprecated</errmsg>
  <filename>/home/dnclive/медиа/работа/проекты/git/josi/php/dev/tstore_relat.php</filename>
  <linenum>1801</linenum>
</error>
<error>
  <date>2013-06-28 21:23:27 (MSK)</date>
  <errno>8192</errno>
  <errmsg>Call-time pass-by-reference has been deprecated</errmsg>
  <filename>/home/dnclive/медиа/работа/проекты/git/josi/php/dev/tstore_relat.php</filename>
  <linenum>1285</linenum>
</error>
<error>
  <date>2013-06-28 21:23:27 (MSK)</date>
  <errno>8192</errno>
  <errmsg>Call-time pass-by-reference has been deprecated</errmsg>
  <filename>/home/dnclive/медиа/работа/проекты/git/josi/php/dev/tstore_relat.php</filename>
  <linenum>1544</linenum>
</error>
<error>
  <date>2013-06-28 21:23:27 (MSK)</date>
  <errno>8192</errno>
  <errmsg>Call-time pass-by-reference has been deprecated</errmsg>
  <filename>/home/dnclive/медиа/работа/проекты/git/josi/php/dev/tstore_relat.php</filename>
  <linenum>1801</linenum>
</error>
<error>
  <date>2013-07-02 19:16:18 (MSK)</date>
  <errno>8192</errno>
  <errmsg>Call-time pass-by-reference has been deprecated</errmsg>
  <filename>/home/dnclive/медиа/работа/проекты/git/josi/php/dev/tstore_relat.php</filename>
  <linenum>1285</linenum>
</error>
<error>
  <date>2013-07-02 19:16:19 (MSK)</date>
  <errno>8192</errno>
  <errmsg>Call-time pass-by-reference has been deprecated</errmsg>
  <filename>/home/dnclive/медиа/работа/проекты/git/josi/php/dev/tstore_relat.php</filename>
  <linenum>1544</linenum>
</error>
<error>
  <date>2013-07-02 19:16:19 (MSK)</date>
  <errno>8192</errno>
  <errmsg>Call-time pass-by-reference has been deprecated</errmsg>
  <filename>/home/dnclive/медиа/работа/проекты/git/josi/php/dev/tstore_relat.php</filename>
  <linenum>1801</linenum>
</error>
<error>
  <date>2013-07-02 19:16:25 (MSK)</date>
  <errno>8192</errno>
  <errmsg>Call-time pass-by-reference has been deprecated</errmsg>
  <filename>/home/dnclive/медиа/работа/проекты/git/josi/php/dev/tstore_relat.php</filename>
  <linenum>1285</linenum>
</error>
<error>
  <date>2013-07-02 19:16:25 (MSK)</date>
  <errno>8192</errno>
  <errmsg>Call-time pass-by-reference has been deprecated</errmsg>
  <filename>/home/dnclive/медиа/работа/проекты/git/josi/php/dev/tstore_relat.php</filename>
  <linenum>1544</linenum>
</error>
<error>
  <date>2013-07-02 19:16:25 (MSK)</date>
  <errno>8192</errno>
  <errmsg>Call-time pass-by-reference has been deprecated</errmsg>
  <filename>/home/dnclive/медиа/работа/проекты/git/josi/php/dev/tstore_relat.php</filename>
  <linenum>1801</linenum>
</error>
<error>
  <date>2013-07-02 19:16:25 (MSK)</date>
  <errno>8192</errno>
  <errmsg>Call-time pass-by-reference has been deprecated</errmsg>
  <filename>/home/dnclive/медиа/работа/проекты/git/josi/php/dev/tstore_relat.php</filename>
  <linenum>1285</linenum>
</error>
<error>
  <date>2013-07-02 19:16:25 (MSK)</date>
  <errno>8192</errno>
  <errmsg>Call-time pass-by-reference has been deprecated</errmsg>
  <filename>/home/dnclive/медиа/работа/проекты/git/josi/php/dev/tstore_relat.php</filename>
  <linenum>1544</linenum>
</error>
<error>
  <date>2013-07-02 19:16:25 (MSK)</date>
  <errno>8192</errno>
  <errmsg>Call-time pass-by-reference has been deprecated</errmsg>
  <filename>/home/dnclive/медиа/работа/проекты/git/josi/php/dev/tstore_relat.php</filename>
  <linenum>1801</linenum>
</error>
